DEBUG:root:Add: 10+5 = 15
DEBUG:root:Subtract 10-5 = 5
DEBUG:root:Multiplication of 10x5 = 50
DEBUG:root:Division 10/5 = 2.0
DEBUG:root:Add: 10+5 = 15
DEBUG:root:Subtract 10-5 = 5
DEBUG:root:Multiplication of 10x5 = 50
DEBUG:root:Division 10/5 = 2.0
DEBUG:root:Add: 10+5 = 15
DEBUG:root:Subtract 10-5 = 5
DEBUG:root:Multiplication of 10x5 = 50
DEBUG:root:Division 10/5 = 2.0
DEBUG:root:Add: 10+5 = 15
DEBUG:root:Subtract 10-5 = 5
DEBUG:root:Multiplication of 10x5 = 50
DEBUG:root:Time 1672627288.686626 Division 10/5 = 2.0
2023-01-01 20:49:50,535:DEBUG:Add: 20+10 = 30
2023-01-01 20:49:50,536:DEBUG:Subtract 20-10 = 10
2023-01-01 20:49:50,536:DEBUG:Multiplication of 20x10 = 200
2023-01-01 20:49:50,536:DEBUG:Division 20/10 = 2.0
2023-01-01 20:50:26,595:DEBUG:Add: 20+10 = 30 
2023-01-01 20:50:26,595:DEBUG:Subtract 20-10 = 10 
2023-01-01 20:50:26,595:DEBUG:Multiplication of 20x10 = 200 
2023-01-01 20:50:26,595:DEBUG:Division 20/10 = 2.0 
2023-01-01 20:51:04,837:DEBUG: Add: 20+10 = 30 
2023-01-01 20:51:04,837:DEBUG: Subtract 20-10 = 10 
2023-01-01 20:51:04,837:DEBUG: Multiplication of 20x10 = 200 
2023-01-01 20:51:04,837:DEBUG: Division 20/10 = 2.0 
2023-01-01 20:51:05,400:DEBUG: Add: 20+10 = 30 
2023-01-01 20:51:05,400:DEBUG: Subtract 20-10 = 10 
2023-01-01 20:51:05,400:DEBUG: Multiplication of 20x10 = 200 
2023-01-01 20:51:05,400:DEBUG: Division 20/10 = 2.0 
2023-01-01 20:51:32,095:DEBUG:Add: 20+10 = 30 
2023-01-01 20:51:32,095:DEBUG:Subtract 20-10 = 10 
2023-01-01 20:51:32,095:DEBUG:Multiplication of 20x10 = 200 
2023-01-01 20:51:32,095:DEBUG:Division 20/10 = 2.0 
2023-01-01 20:51:55,277:DEBUG: Add: 20+10 = 30
2023-01-01 20:51:55,277:DEBUG: Subtract 20-10 = 10
2023-01-01 20:51:55,278:DEBUG: Multiplication of 20x10 = 200
2023-01-01 20:51:55,278:DEBUG: Division 20/10 = 2.0
2023-01-01 20:53:47,347:DEBUG: error_log.py:Add: 20+10 = 30
2023-01-01 20:53:47,347:DEBUG: error_log.py:Subtract 20-10 = 10
2023-01-01 20:53:47,347:DEBUG: error_log.py:Multiplication of 20x10 = 200
2023-01-01 20:53:47,347:DEBUG: error_log.py:Division 20/10 = 2.0
2023-01-01 20:56:53,966:DEBUG:<module>: error_log.py:Add: 20+10 = 30
2023-01-01 20:56:53,966:DEBUG:<module>: error_log.py:Subtract 20-10 = 10
2023-01-01 20:56:53,966:DEBUG:<module>: error_log.py:Multiplication of 20x10 = 200
2023-01-01 20:56:53,967:DEBUG:<module>: error_log.py:Division 20/10 = 2.0
